04/19/2020 05:03:03 PM This message should go to the log file
04/19/2020 05:03:03 PM So should this
04/19/2020 05:03:03 PM And this, too
04/19/2020 05:16:24 PM This message should go to the log file
04/19/2020 05:16:24 PM So should this
04/19/2020 08:44:33 PM This message
04/19/2020 08:44:33 PM And this
04/19/2020 08:44:49 PM this user_id already exists
04/19/2020 08:48:01 PM this user_id already exists
04/19/2020 08:48:57 PM this user_id already exists
04/19/2020 08:49:25 PM this user_id already exists
04/19/2020 08:51:04 PM this user_id already exists
04/19/2020 08:54:35 PM wrong name or password
04/19/2020 08:54:35 PM wrong name or password
04/19/2020 08:54:35 PM wrong name or password
04/19/2020 08:54:35 PM wrong name or password
04/19/2020 08:54:35 PM wrong name or password
04/19/2020 08:54:35 PM wrong name or password
04/19/2020 08:54:35 PM wrong name or password
04/19/2020 08:54:35 PM wrong name or password
04/19/2020 08:54:35 PM wrong name or password
04/19/2020 08:54:35 PM wrong name or password
04/19/2020 08:54:35 PM wrong name or password
04/19/2020 08:54:35 PM wrong name or password
04/19/2020 09:07:02 PM name 'one' is not defined
04/19/2020 09:07:07 PM name 'one' is not defined
04/19/2020 09:08:44 PM local variable 'one' referenced before assignment
04/19/2020 09:09:42 PM name 'one' is not defined
